c:\users\dricard\dev\sttr\literun\literun\x64\release\literun.pch
c:\users\dricard\dev\sttr\literun\literun\x64\release\vc143.pdb
c:\users\dricard\dev\sttr\literun\literun\x64\release\stdafx.obj
c:\users\dricard\dev\sttr\literun\literun\x64\release\utilityfuncs.obj
c:\users\dricard\dev\sttr\literun\literun\x64\release\serviceimpl.obj
c:\users\dricard\dev\sttr\literun\literun\x64\release\remote.obj
c:\users\dricard\dev\sttr\literun\literun\x64\release\parsing.obj
c:\users\dricard\dev\sttr\literun\literun\x64\release\literun.obj
c:\users\dricard\dev\sttr\literun\literun\x64\release\interactivesession.obj
c:\users\dricard\dev\sttr\literun\literun\x64\release\encryption.obj
c:\users\dricard\dev\sttr\literun\literun\x64\release\consoleredir.obj
c:\users\dricard\dev\sttr\literun\literun\x64\release\cmdlineparser.obj
c:\users\dricard\dev\sttr\literun\literun\x64\release\process.obj
c:\users\dricard\dev\sttr\literun\x64\release\literun.exe
c:\users\dricard\dev\sttr\literun\x64\release\literun.pdb
c:\users\dricard\dev\sttr\literun\literun\x64\release\literun.res
c:\users\dricard\dev\sttr\literun\literun\x64\release\version.res
c:\users\dricard\dev\sttr\literun\literun\x64\release\literun.ipdb
c:\users\dricard\dev\sttr\literun\literun\x64\release\literun.iobj
c:\users\dricard\dev\sttr\literun\literun\x64\release\literun.tlog\cl.command.1.tlog
c:\users\dricard\dev\sttr\literun\literun\x64\release\literun.tlog\cl.items.tlog
c:\users\dricard\dev\sttr\literun\literun\x64\release\literun.tlog\cl.read.1.tlog
c:\users\dricard\dev\sttr\literun\literun\x64\release\literun.tlog\cl.write.1.tlog
c:\users\dricard\dev\sttr\literun\literun\x64\release\literun.tlog\link.command.1.tlog
c:\users\dricard\dev\sttr\literun\literun\x64\release\literun.tlog\link.read.1.tlog
c:\users\dricard\dev\sttr\literun\literun\x64\release\literun.tlog\link.secondary.1.tlog
c:\users\dricard\dev\sttr\literun\literun\x64\release\literun.tlog\link.write.1.tlog
c:\users\dricard\dev\sttr\literun\literun\x64\release\literun.tlog\rc.command.1.tlog
c:\users\dricard\dev\sttr\literun\literun\x64\release\literun.tlog\rc.read.1.tlog
c:\users\dricard\dev\sttr\literun\literun\x64\release\literun.tlog\rc.write.1.tlog
